{"uuid":"e64d57d3-14f2-45e8-a79e-09dafc884a2a","historyId":"efd8a6d70bfba0e16dd52daf6a50beae","fullName":"ru.yandex.praktikum.scooter_test.courier_test.negative.login.LoginCourierWithMissingFieldTest.shouldNotLoginCourierWithMissingFieldAndVerifyResponse[login=1, password=null]","labels":[{"name":"package","value":"ru.yandex.praktikum.scooter_test.courier_test.negative.login"},{"name":"testClass","value":"ru.yandex.praktikum.scooter_test.courier_test.negative.login.LoginCourierWithMissingFieldTest"},{"name":"testMethod","value":"shouldNotLoginCourierWithMissingFieldAndVerifyResponse[login=1, password=null]"},{"name":"suite","value":"Проверка невозможности логина курьера с отсутствующим полем"},{"name":"host","value":"kit-practicum"},{"name":"thread","value":"3186@kit-practicum.main(1)"},{"name":"framework","value":"junit4"},{"name":"language","value":"java"}],"links":[],"name":"Попытка логина курьера с пропущенным полем и проверка ответа","status":"failed","statusDetails":{"known":false,"muted":false,"flaky":false,"message":"❌ Ошибка при выполнении запроса [Логин курьера без поля]: java.net.SocketTimeoutException: Read timed out","trace":"java.lang.AssertionError: ❌ Ошибка при выполнении запроса [Логин курьера без поля]: java.net.SocketTimeoutException: Read timed out\n\tat ru.yandex.praktikum.infrastructure.rest_assured.ApiClient.send(ApiClient.java:57)\n\tat ru.yandex.praktikum.infrastructure.rest_assured.ApiClient.post(ApiClient.java:62)\n\tat ru.yandex.praktikum.scooter_test.courier_test.negative.login.LoginCourierWithMissingFieldTest.loginCourierWithMissingFields(LoginCourierWithMissingFieldTest.java:103)\n\tat ru.yandex.praktikum.scooter_test.courier_test.negative.login.LoginCourierWithMissingFieldTest.lambda$shouldNotLoginCourierWithMissingFieldAndVerifyResponse$1(LoginCourierWithMissingFieldTest.java:78)\n\tat ru.yandex.praktikum.scooter_test.ScooterBase.methodTestWithLog(ScooterBase.java:45)\n\tat ru.yandex.praktikum.scooter_test.courier_test.negative.login.LoginCourierWithMissingFieldTest.shouldNotLoginCourierWithMissingFieldAndVerifyResponse(LoginCourierWithMissingFieldTest.java:77)\n\tat java.base/jdk.internal.reflect.NativeMethodAccessorImpl.invoke0(Native Method)\n\tat java.base/jdk.internal.reflect.NativeMethodAccessorImpl.invoke(NativeMethodAccessorImpl.java:62)\n\tat java.base/jdk.internal.reflect.DelegatingMethodAccessorImpl.invoke(DelegatingMethodAccessorImpl.java:43)\n\tat java.base/java.lang.reflect.Method.invoke(Method.java:566)\n\tat org.junit.runners.model.FrameworkMethod$1.runReflectiveCall(FrameworkMethod.java:59)\n\tat org.junit.internal.runners.model.ReflectiveCallable.run(ReflectiveCallable.java:12)\n\tat org.junit.runners.model.FrameworkMethod.invokeExplosively(FrameworkMethod.java:56)\n\tat org.junit.internal.runners.statements.InvokeMethod.evaluate(InvokeMethod.java:17)\n\tat org.junit.internal.runners.statements.RunBefores.evaluate(RunBefores.java:26)\n\tat org.junit.internal.runners.statements.RunAfters.evaluate(RunAfters.java:27)\n\tat org.junit.rules.TestWatcher$1.evaluate(TestWatcher.java:61)\n\tat org.junit.runners.ParentRunner$3.evaluate(ParentRunner.java:306)\n\tat org.junit.runners.BlockJUnit4ClassRunner$1.evaluate(BlockJUnit4ClassRunner.java:100)\n\tat org.junit.runners.ParentRunner.runLeaf(ParentRunner.java:366)\n\tat org.junit.runners.BlockJUnit4ClassRunner.runChild(BlockJUnit4ClassRunner.java:103)\n\tat org.junit.runners.BlockJUnit4ClassRunner.runChild(BlockJUnit4ClassRunner.java:63)\n\tat org.junit.runners.ParentRunner$4.run(ParentRunner.java:331)\n\tat org.junit.runners.ParentRunner$1.schedule(ParentRunner.java:79)\n\tat org.junit.runners.ParentRunner.runChildren(ParentRunner.java:329)\n\tat org.junit.runners.ParentRunner.access$100(ParentRunner.java:66)\n\tat org.junit.runners.ParentRunner$2.evaluate(ParentRunner.java:293)\n\tat org.junit.runners.ParentRunner.run(ParentRunner.java:413)\n\tat org.junit.runners.Suite.runChild(Suite.java:128)\n\tat org.junit.runners.Suite.runChild(Suite.java:27)\n\tat org.junit.runners.ParentRunner$4.run(ParentRunner.java:331)\n\tat org.junit.runners.ParentRunner$1.schedule(ParentRunner.java:79)\n\tat org.junit.runners.ParentRunner.runChildren(ParentRunner.java:329)\n\tat org.junit.runners.ParentRunner.access$100(ParentRunner.java:66)\n\tat org.junit.runners.ParentRunner$2.evaluate(ParentRunner.java:293)\n\tat org.junit.runners.ParentRunner$3.evaluate(ParentRunner.java:306)\n\tat org.junit.runners.ParentRunner.run(ParentRunner.java:413)\n\tat org.apache.maven.surefire.junit4.JUnit4Provider.execute(JUnit4Provider.java:316)\n\tat org.apache.maven.surefire.junit4.JUnit4Provider.executeWithRerun(JUnit4Provider.java:240)\n\tat org.apache.maven.surefire.junit4.JUnit4Provider.executeTestSet(JUnit4Provider.java:214)\n\tat org.apache.maven.surefire.junit4.JUnit4Provider.invoke(JUnit4Provider.java:155)\n\tat org.apache.maven.surefire.booter.ForkedBooter.runSuitesInProcess(ForkedBooter.java:385)\n\tat org.apache.maven.surefire.booter.ForkedBooter.execute(ForkedBooter.java:162)\n\tat org.apache.maven.surefire.booter.ForkedBooter.run(ForkedBooter.java:507)\n\tat org.apache.maven.surefire.booter.ForkedBooter.main(ForkedBooter.java:495)\n"},"stage":"finished","description":"Проверяются следующие параметры: \nКод ответа - 400\nВ теле содержится `message = Недостаточно данных для входа`","steps":[{"name":"Создание сущности курьера с валидными данными","status":"passed","stage":"finished","steps":[],"attachments":[],"parameters":[],"start":1748720104081,"stop":1748720104082},{"name":"Проверка создания валидного курьера (кода статуса `201` и значения `ok`)","status":"passed","stage":"finished","steps":[{"name":"Создание курьера 7NO3uodxW8","status":"passed","stage":"finished","steps":[],"attachments":[],"parameters":[{"name":"requestSupplier","value":"ru.yandex.praktikum.infrastructure.rest_assured.ApiClient$$Lambda$512/0x00000001006c5c40@5a1216b0"},{"name":"actionName","value":"Создание курьера 7NO3uodxW8"}],"start":1748720104082,"stop":1748720104241}],"attachments":[],"parameters":[],"start":1748720104082,"stop":1748720104245},{"name":"Проверка логина валидного курьера (кода статуса `200` и значения `id` (не null))","status":"passed","stage":"finished","steps":[{"name":"Логин курьера 7NO3uodxW8","status":"passed","stage":"finished","steps":[],"attachments":[],"parameters":[{"name":"requestSupplier","value":"ru.yandex.praktikum.infrastructure.rest_assured.ApiClient$$Lambda$512/0x00000001006c5c40@62a9e9bf"},{"name":"actionName","value":"Логин курьера 7NO3uodxW8"}],"start":1748720104245,"stop":1748720104351}],"attachments":[],"parameters":[],"start":1748720104245,"stop":1748720104423},{"name":"Логин курьера без поля","status":"failed","statusDetails":{"known":false,"muted":false,"flaky":false,"message":"❌ Ошибка при выполнении запроса [Логин курьера без поля]: java.net.SocketTimeoutException: Read timed out","trace":"java.lang.AssertionError: ❌ Ошибка при выполнении запроса [Логин курьера без поля]: java.net.SocketTimeoutException: Read timed out\n\tat ru.yandex.praktikum.infrastructure.rest_assured.ApiClient.send(ApiClient.java:57)\n\tat ru.yandex.praktikum.infrastructure.rest_assured.ApiClient.post(ApiClient.java:62)\n\tat ru.yandex.praktikum.scooter_test.courier_test.negative.login.LoginCourierWithMissingFieldTest.loginCourierWithMissingFields(LoginCourierWithMissingFieldTest.java:103)\n\tat ru.yandex.praktikum.scooter_test.courier_test.negative.login.LoginCourierWithMissingFieldTest.lambda$shouldNotLoginCourierWithMissingFieldAndVerifyResponse$1(LoginCourierWithMissingFieldTest.java:78)\n\tat ru.yandex.praktikum.scooter_test.ScooterBase.methodTestWithLog(ScooterBase.java:45)\n\tat ru.yandex.praktikum.scooter_test.courier_test.negative.login.LoginCourierWithMissingFieldTest.shouldNotLoginCourierWithMissingFieldAndVerifyResponse(LoginCourierWithMissingFieldTest.java:77)\n\tat java.base/jdk.internal.reflect.NativeMethodAccessorImpl.invoke0(Native Method)\n\tat java.base/jdk.internal.reflect.NativeMethodAccessorImpl.invoke(NativeMethodAccessorImpl.java:62)\n\tat java.base/jdk.internal.reflect.DelegatingMethodAccessorImpl.invoke(DelegatingMethodAccessorImpl.java:43)\n\tat java.base/java.lang.reflect.Method.invoke(Method.java:566)\n\tat org.junit.runners.model.FrameworkMethod$1.runReflectiveCall(FrameworkMethod.java:59)\n\tat org.junit.internal.runners.model.ReflectiveCallable.run(ReflectiveCallable.java:12)\n\tat org.junit.runners.model.FrameworkMethod.invokeExplosively(FrameworkMethod.java:56)\n\tat org.junit.internal.runners.statements.InvokeMethod.evaluate(InvokeMethod.java:17)\n\tat org.junit.internal.runners.statements.RunBefores.evaluate(RunBefores.java:26)\n\tat org.junit.internal.runners.statements.RunAfters.evaluate(RunAfters.java:27)\n\tat org.junit.rules.TestWatcher$1.evaluate(TestWatcher.java:61)\n\tat org.junit.runners.ParentRunner$3.evaluate(ParentRunner.java:306)\n\tat org.junit.runners.BlockJUnit4ClassRunner$1.evaluate(BlockJUnit4ClassRunner.java:100)\n\tat org.junit.runners.ParentRunner.runLeaf(ParentRunner.java:366)\n\tat org.junit.runners.BlockJUnit4ClassRunner.runChild(BlockJUnit4ClassRunner.java:103)\n\tat org.junit.runners.BlockJUnit4ClassRunner.runChild(BlockJUnit4ClassRunner.java:63)\n\tat org.junit.runners.ParentRunner$4.run(ParentRunner.java:331)\n\tat org.junit.runners.ParentRunner$1.schedule(ParentRunner.java:79)\n\tat org.junit.runners.ParentRunner.runChildren(ParentRunner.java:329)\n\tat org.junit.runners.ParentRunner.access$100(ParentRunner.java:66)\n\tat org.junit.runners.ParentRunner$2.evaluate(ParentRunner.java:293)\n\tat org.junit.runners.ParentRunner.run(ParentRunner.java:413)\n\tat org.junit.runners.Suite.runChild(Suite.java:128)\n\tat org.junit.runners.Suite.runChild(Suite.java:27)\n\tat org.junit.runners.ParentRunner$4.run(ParentRunner.java:331)\n\tat org.junit.runners.ParentRunner$1.schedule(ParentRunner.java:79)\n\tat org.junit.runners.ParentRunner.runChildren(ParentRunner.java:329)\n\tat org.junit.runners.ParentRunner.access$100(ParentRunner.java:66)\n\tat org.junit.runners.ParentRunner$2.evaluate(ParentRunner.java:293)\n\tat org.junit.runners.ParentRunner$3.evaluate(ParentRunner.java:306)\n\tat org.junit.runners.ParentRunner.run(ParentRunner.java:413)\n\tat org.apache.maven.surefire.junit4.JUnit4Provider.execute(JUnit4Provider.java:316)\n\tat org.apache.maven.surefire.junit4.JUnit4Provider.executeWithRerun(JUnit4Provider.java:240)\n\tat org.apache.maven.surefire.junit4.JUnit4Provider.executeTestSet(JUnit4Provider.java:214)\n\tat org.apache.maven.surefire.junit4.JUnit4Provider.invoke(JUnit4Provider.java:155)\n\tat org.apache.maven.surefire.booter.ForkedBooter.runSuitesInProcess(ForkedBooter.java:385)\n\tat org.apache.maven.surefire.booter.ForkedBooter.execute(ForkedBooter.java:162)\n\tat org.apache.maven.surefire.booter.ForkedBooter.run(ForkedBooter.java:507)\n\tat org.apache.maven.surefire.booter.ForkedBooter.main(ForkedBooter.java:495)\n"},"stage":"finished","steps":[{"name":"❌ Ошибка при выполнении запроса [Логин курьера без поля]: java.net.SocketTimeoutException: Read timed out","status":"passed","stage":"finished","steps":[],"attachments":[],"parameters":[],"start":1748720114519,"stop":1748720114519}],"attachments":[],"parameters":[{"name":"requestSupplier","value":"ru.yandex.praktikum.infrastructure.rest_assured.ApiClient$$Lambda$512/0x00000001006c5c40@25bc36"},{"name":"actionName","value":"Логин курьера без поля"}],"start":1748720104426,"stop":1748720114520},{"name":"Проверка логина валидного курьера (кода статуса `200` и значения `id` (не null))","status":"passed","stage":"finished","steps":[{"name":"Логин курьера 7NO3uodxW8","status":"passed","stage":"finished","steps":[],"attachments":[],"parameters":[{"name":"requestSupplier","value":"ru.yandex.praktikum.infrastructure.rest_assured.ApiClient$$Lambda$512/0x00000001006c5c40@1bbf7e81"},{"name":"actionName","value":"Логин курьера 7NO3uodxW8"}],"start":1748720114522,"stop":1748720114635}],"attachments":[],"parameters":[],"start":1748720114522,"stop":1748720114687}],"attachments":[],"parameters":[],"start":1748720104079,"stop":1748720114688}